[debug] [2020-11-14T21:56:18.064Z] ----------------------------------------------------------------------
[debug] [2020-11-14T21:56:18.068Z] Command:       C:\Program Files\nodejs\node.exe C:\Users\walmart\AppData\Roaming\npm\node_modules\firebase-tools\lib\bin\firebase.js serve
[debug] [2020-11-14T21:56:18.069Z] CLI Version:   8.16.2
[debug] [2020-11-14T21:56:18.069Z] Platform:      win32
[debug] [2020-11-14T21:56:18.070Z] Node Version:  v14.15.0
[debug] [2020-11-14T21:56:18.073Z] Time:          Sat Nov 14 2020 15:56:18 GMT-0600 (hora estándar central)
[debug] [2020-11-14T21:56:18.073Z] ----------------------------------------------------------------------
[debug] [2020-11-14T21:56:18.074Z] 
[debug] [2020-11-14T21:56:18.096Z] > command requires scopes: ["email","openid","https://www.googleapis.com/auth/cloudplatformprojects.readonly","https://www.googleapis.com/auth/firebase","https://www.googleapis.com/auth/cloud-platform"]
[debug] [2020-11-14T21:56:18.098Z] > authorizing via signed-in user
[debug] [2020-11-14T21:56:18.099Z] [iam] checking project kevinmashups-46f0f for permissions ["firebase.projects.get"]
[debug] [2020-11-14T21:56:18.107Z] >>> HTTP REQUEST POST https://cloudresourcemanager.googleapis.com/v1/projects/kevinmashups-46f0f:testIamPermissions  
 {"permissions":["firebase.projects.get"]}
[debug] [2020-11-14T21:56:18.586Z] <<< HTTP RESPONSE 200 {"content-type":"application/json; charset=UTF-8","vary":"X-Origin, Referer, Origin,Accept-Encoding","date":"Sat, 14 Nov 2020 21:56:18 GMT","server":"ESF","cache-control":"private","x-xss-protection":"0","x-frame-options":"SAMEORIGIN","x-content-type-options":"nosniff","server-timing":"gfet4t7; dur=191","alt-svc":"h3-Q050=\":443\"; ma=2592000,h3-29=\":443\"; ma=2592000,h3-T051=\":443\"; ma=2592000,h3-Q046=\":443\"; ma=2592000,h3-Q043=\":443\"; ma=2592000,quic=\":443\"; ma=2592000; v=\"46,43\"","accept-ranges":"none","transfer-encoding":"chunked"}
[debug] [2020-11-14T21:56:18.592Z] >>> HTTP REQUEST GET https://firebase.googleapis.com/v1beta1/projects/kevinmashups-46f0f  
 
[debug] [2020-11-14T21:56:18.944Z] <<< HTTP RESPONSE 200 {"content-type":"application/json; charset=UTF-8","vary":"X-Origin, Referer, Origin,Accept-Encoding","date":"Sat, 14 Nov 2020 21:56:18 GMT","server":"ESF","cache-control":"private","x-xss-protection":"0","x-frame-options":"SAMEORIGIN","x-content-type-options":"nosniff","alt-svc":"h3-Q050=\":443\"; ma=2592000,h3-29=\":443\"; ma=2592000,h3-T051=\":443\"; ma=2592000,h3-Q046=\":443\"; ma=2592000,h3-Q043=\":443\"; ma=2592000,quic=\":443\"; ma=2592000; v=\"46,43\"","accept-ranges":"none","transfer-encoding":"chunked"}
[info] 
[info] === Serving from 'C:\Users\walmart\Documents\kevinMashups'...
[info] 
[debug] [2020-11-14T21:56:18.960Z] >>> HTTP REQUEST GET https://firebase.googleapis.com/v1beta1/projects/kevinmashups-46f0f/webApps/-/config  
 
[debug] [2020-11-14T21:56:19.547Z] <<< HTTP RESPONSE 200 {"content-type":"application/json; charset=UTF-8","vary":"X-Origin, Referer, Origin,Accept-Encoding","date":"Sat, 14 Nov 2020 21:56:19 GMT","server":"ESF","cache-control":"private","x-xss-protection":"0","x-frame-options":"SAMEORIGIN","x-content-type-options":"nosniff","alt-svc":"h3-Q050=\":443\"; ma=2592000,h3-29=\":443\"; ma=2592000,h3-T051=\":443\"; ma=2592000,h3-Q046=\":443\"; ma=2592000,h3-Q043=\":443\"; ma=2592000,quic=\":443\"; ma=2592000; v=\"46,43\"","accept-ranges":"none","transfer-encoding":"chunked"}
[info] i  hosting: Serving hosting files from: public {"metadata":{"emulator":{"name":"hosting"},"message":"Serving hosting files from: \u001b[1mpublic\u001b[22m"}}
[info] +  hosting: Local server: http://localhost:5000 {"metadata":{"emulator":{"name":"hosting"},"message":"Local server: \u001b[4m\u001b[1mhttp://localhost:5000\u001b[22m\u001b[24m"}}
